BEGIN;
BEGIN
create or replace view revenue1 (supplier_no, total_revenue) as
	select
		l_suppkey,
		sum(l_extendedprice * (1 - l_discount))
	from
		lineitem
	where
		l_shipdate >= '1994-08-01'
		and l_shipdate < date'1994-08-01' + interval '90 days'
	group by
		l_suppkey;
CREATE VIEW
EXPLAIN
select
	s_suppkey,
	s_name,
	s_address,
	s_phone,
	total_revenue
from
	supplier,
	revenue1
where
	s_suppkey = supplier_no
	and total_revenue = (
		select
			max(total_revenue)
		from
			revenue1
	)
order by
	s_suppkey;
                                                                                                        QUERY PLAN                                                                                                         
---------------------------------------------------------------------------------------------------------------------------------------------------------------------------------------------------------------------------
 Remote Subquery Scan on all (datanode_8_1)  (cost=23555559.02..23669273.44 rows=37217 width=79)
   ->  Merge Join  (cost=23555559.02..23669273.44 rows=37217 width=79)
         Merge Cond: (supplier.s_suppkey = revenue1.supplier_no)
         InitPlan 1 (returns $0)
           ->  Aggregate  (cost=11692436.39..11692436.40 rows=1 width=8)
                 ->  HashAggregate  (cost=11691599.01..11691971.18 rows=37217 width=12)
                       Group Key: lineitem_1.l_suppkey
                       ->  Remote Subquery Scan on all (datanode_1_1,datanode_2_1,datanode_3_1,datanode_4_1,datanode_5_1,datanode_6_1,datanode_7_1,datanode_8_1)  (cost=474885.68..11467784.88 rows=22381413 width=12)
                             ->  HashAggregate  (cost=474885.68..11467784.88 rows=37217 width=12)
                                   Group Key: lineitem_1.l_suppkey
                                   ->  Bitmap Heap Scan on lineitem lineitem_1  (cost=474885.68..11467784.88 rows=22381413 width=12)
                                         Recheck Cond: ((l_shipdate >= '1994-08-01'::date) AND (l_shipdate < '1994-10-30 00:00:00'::timestamp without time zone))
                                         ->  Bitmap Index Scan on lineitem_l_shipdate_l_suppkey__idx  (cost=0.00..469290.33 rows=22381413 width=0)
                                               Index Cond: ((l_shipdate >= '1994-08-01'::date) AND (l_shipdate < '1994-10-30 00:00:00'::timestamp without time zone))
         ->  Index Scan using pk_supplier on supplier  (cost=0.17..110656.34 rows=1000000 width=71)
         ->  Sort  (cost=11863122.44..11863215.48 rows=37217 width=12)
               Sort Key: revenue1.supplier_no
               ->  Subquery Scan on revenue1  (cost=11859459.61..11860296.99 rows=37217 width=12)
                     ->  HashAggregate  (cost=11859459.61..11859924.82 rows=37217 width=12)
                           Group Key: lineitem.l_suppkey
                           Filter: (sum((sum((lineitem.l_extendedprice * ('1'::double precision - lineitem.l_discount))))) = $0)
                           ->  Remote Subquery Scan on all (datanode_1_1,datanode_2_1,datanode_3_1,datanode_4_1,datanode_5_1,datanode_6_1,datanode_7_1,datanode_8_1)  (cost=474885.68..11467784.88 rows=22381413 width=12)
                                 ->  HashAggregate  (cost=474885.68..11467784.88 rows=37217 width=12)
                                       Group Key: lineitem.l_suppkey
                                       ->  Bitmap Heap Scan on lineitem  (cost=474885.68..11467784.88 rows=22381413 width=12)
                                             Recheck Cond: ((l_shipdate >= '1994-08-01'::date) AND (l_shipdate < '1994-10-30 00:00:00'::timestamp without time zone))
                                             ->  Bitmap Index Scan on lineitem_l_shipdate_l_suppkey__idx  (cost=0.00..469290.33 rows=22381413 width=0)
                                                   Index Cond: ((l_shipdate >= '1994-08-01'::date) AND (l_shipdate < '1994-10-30 00:00:00'::timestamp without time zone))
(28 rows)

drop view revenue1;
DROP VIEW
COMMIT;
COMMIT
