BEGIN;
BEGIN
create or replace view revenue2 (supplier_no, total_revenue) as
	select
		l_suppkey,
		sum(l_extendedprice * (1 - l_discount))
	from
		lineitem
	where
		l_shipdate >= '1997-02-01'
		and l_shipdate < date'1997-02-01' + interval '90 days'
	group by
		l_suppkey;
CREATE VIEW
EXPLAIN
select
	s_suppkey,
	s_name,
	s_address,
	s_phone,
	total_revenue
from
	supplier,
	revenue2
where
	s_suppkey = supplier_no
	and total_revenue = (
		select
			max(total_revenue)
		from
			revenue2
	)
order by
	s_suppkey;
                                                                                                        QUERY PLAN                                                                                                         
---------------------------------------------------------------------------------------------------------------------------------------------------------------------------------------------------------------------------
 Remote Subquery Scan on all (datanode_6_1)  (cost=23555134.44..23668848.76 rows=37210 width=79)
   ->  Merge Join  (cost=23555134.44..23668848.76 rows=37210 width=79)
         Merge Cond: (supplier.s_suppkey = revenue2.supplier_no)
         InitPlan 1 (returns $0)
           ->  Aggregate  (cost=11692240.15..11692240.16 rows=1 width=8)
                 ->  HashAggregate  (cost=11691402.92..11691775.02 rows=37210 width=12)
                       Group Key: lineitem_1.l_suppkey
                       ->  Remote Subquery Scan on all (datanode_1_1,datanode_2_1,datanode_3_1,datanode_4_1,datanode_5_1,datanode_6_1,datanode_7_1,datanode_8_1)  (cost=474794.62..11467630.80 rows=22377212 width=12)
                             ->  HashAggregate  (cost=474794.62..11467630.80 rows=37210 width=12)
                                   Group Key: lineitem_1.l_suppkey
                                   ->  Bitmap Heap Scan on lineitem lineitem_1  (cost=474794.62..11467630.80 rows=22377212 width=12)
                                         Recheck Cond: ((l_shipdate >= '1997-02-01'::date) AND (l_shipdate < '1997-05-02 00:00:00'::timestamp without time zone))
                                         ->  Bitmap Index Scan on lineitem_l_shipdate_l_suppkey__idx  (cost=0.00..469200.32 rows=22377212 width=0)
                                               Index Cond: ((l_shipdate >= '1997-02-01'::date) AND (l_shipdate < '1997-05-02 00:00:00'::timestamp without time zone))
         ->  Index Scan using pk_supplier on supplier  (cost=0.17..110656.34 rows=1000000 width=71)
         ->  Sort  (cost=11862894.11..11862987.14 rows=37210 width=12)
               Sort Key: revenue2.supplier_no
               ->  Subquery Scan on revenue2  (cost=11859232.01..11860069.24 rows=37210 width=12)
                     ->  HashAggregate  (cost=11859232.01..11859697.14 rows=37210 width=12)
                           Group Key: lineitem.l_suppkey
                           Filter: (sum((sum((lineitem.l_extendedprice * ('1'::double precision - lineitem.l_discount))))) = $0)
                           ->  Remote Subquery Scan on all (datanode_1_1,datanode_2_1,datanode_3_1,datanode_4_1,datanode_5_1,datanode_6_1,datanode_7_1,datanode_8_1)  (cost=474794.62..11467630.80 rows=22377212 width=12)
                                 ->  HashAggregate  (cost=474794.62..11467630.80 rows=37210 width=12)
                                       Group Key: lineitem.l_suppkey
                                       ->  Bitmap Heap Scan on lineitem  (cost=474794.62..11467630.80 rows=22377212 width=12)
                                             Recheck Cond: ((l_shipdate >= '1997-02-01'::date) AND (l_shipdate < '1997-05-02 00:00:00'::timestamp without time zone))
                                             ->  Bitmap Index Scan on lineitem_l_shipdate_l_suppkey__idx  (cost=0.00..469200.32 rows=22377212 width=0)
                                                   Index Cond: ((l_shipdate >= '1997-02-01'::date) AND (l_shipdate < '1997-05-02 00:00:00'::timestamp without time zone))
(28 rows)

drop view revenue2;
DROP VIEW
COMMIT;
COMMIT
